Added Component: Designator=*(R-PDSO-N6)
Added Component: Designator=16MHz(HC-49U)
Added Component: Designator=C1(0603)
Added Component: Designator=C2(0603)
Added Component: Designator=C3(0603)
Added Component: Designator=C4(0603)
Added Component: Designator=C5(0603)
Added Component: Designator=C6(0603)
Added Component: Designator=C7(0603)
Added Component: Designator=C8(0603)
Added Component: Designator=C9(0603)
Added Component: Designator=C10(0603)
Added Component: Designator=C11(0603)
Added Component: Designator=C13(0603)
Added Component: Designator=C14(0603)
Added Component: Designator=C15(0603)
Added Component: Designator=C16(0603)
Added Component: Designator=C17(0603)
Added Component: Designator=C18(0603)
Added Component: Designator=C19(0603)
Added Component: Designator=C22(1608[0603])
Added Component: Designator=C23(1608[0603])
Added Component: Designator=C24(1608[0603])
Added Component: Designator=C25(1608[0603])
Added Component: Designator=D?(3.2X1.6X1.1)
Added Component: Designator=D?(3.2X1.6X1.1)
Added Component: Designator=D?(3.2X1.6X1.1)
Added Component: Designator=JST_PH_confirm_polarity(S2B-EH)
Added Component: Designator=LDO Regulator_confirm_functionality(DBV005_N)
Added Component: Designator=MCU(32A_N)
Added Component: Designator=P1(HDR1X6)
Added Component: Designator=P1(HDR1X4)
Added Component: Designator=P2(HDR1X6)
Added Component: Designator=R1(0603)
Added Component: Designator=R2(0603)
Added Component: Designator=R3(0603)
Added Component: Designator=R4(0603)
Added Component: Designator=R5(0603)
Added Component: Designator=R6(0603)
Added Component: Designator=R7(J1-0603)
Added Component: Designator=R8(J1-0603)
Added Component: Designator=R9(J1-0603)
Added Component: Designator=R10(J1-0603)
Added Component: Designator=S?(SPST-2)
Added Pin To Net: NetName=3V3 Pin=C1-2
Added Pin To Net: NetName=3V3 Pin=C2-2
Added Pin To Net: NetName=3V3 Pin=C8-2
Added Pin To Net: NetName=3V3 Pin=C9-2
Added Pin To Net: NetName=3V3 Pin=LDO Regulator_confirm_functionality-5
Added Pin To Net: NetName=3V3 Pin=MCU-4
Added Pin To Net: NetName=3V3 Pin=MCU-18
Added Pin To Net: NetName=3V3 Pin=P1-3
Added Pin To Net: NetName=3V3 Pin=P2-2
Added Pin To Net: NetName=3V3 Pin=R4-2
Added Net: Name=3V3
Added Pin To Net: NetName=GND Pin=*-2
Added Pin To Net: NetName=GND Pin=C1-1
Added Pin To Net: NetName=GND Pin=C2-1
Added Pin To Net: NetName=GND Pin=C3-1
Added Pin To Net: NetName=GND Pin=C5-1
Added Pin To Net: NetName=GND Pin=C8-1
Added Pin To Net: NetName=GND Pin=C9-1
Added Pin To Net: NetName=GND Pin=C10-2
Added Pin To Net: NetName=GND Pin=C11-2
Added Pin To Net: NetName=GND Pin=C14-1
Added Pin To Net: NetName=GND Pin=C15-1
Added Pin To Net: NetName=GND Pin=C16-1
Added Pin To Net: NetName=GND Pin=C17-1
Added Pin To Net: NetName=GND Pin=C18-1
Added Pin To Net: NetName=GND Pin=C22-1
Added Pin To Net: NetName=GND Pin=C23-1
Added Pin To Net: NetName=GND Pin=C23-2
Added Pin To Net: NetName=GND Pin=C24-1
Added Pin To Net: NetName=GND Pin=C24-2
Added Pin To Net: NetName=GND Pin=C25-1
Added Pin To Net: NetName=GND Pin=JST_PH_confirm_polarity-2
Added Pin To Net: NetName=GND Pin=LDO Regulator_confirm_functionality-2
Added Pin To Net: NetName=GND Pin=MCU-3
Added Pin To Net: NetName=GND Pin=MCU-5
Added Pin To Net: NetName=GND Pin=MCU-21
Added Pin To Net: NetName=GND Pin=P1-1
Added Pin To Net: NetName=GND Pin=P1-2
Added Pin To Net: NetName=GND Pin=P2-1
Added Pin To Net: NetName=GND Pin=P2-3
Added Pin To Net: NetName=GND Pin=R1-1
Added Pin To Net: NetName=GND Pin=R2-1
Added Pin To Net: NetName=GND Pin=R3-1
Added Pin To Net: NetName=GND Pin=R8-2
Added Pin To Net: NetName=GND Pin=R9-2
Added Pin To Net: NetName=GND Pin=S?-2
Added Net: Name=GND
Added Pin To Net: NetName=Net16MHz_1 Pin=16MHz-1
Added Pin To Net: NetName=Net16MHz_1 Pin=C4-2
Added Pin To Net: NetName=Net16MHz_1 Pin=MCU-8
Added Net: Name=Net16MHz_1
Added Pin To Net: NetName=Net16MHz_2 Pin=16MHz-2
Added Pin To Net: NetName=Net16MHz_2 Pin=C5-2
Added Pin To Net: NetName=Net16MHz_2 Pin=MCU-7
Added Net: Name=Net16MHz_2
Added Pin To Net: NetName=Net*_1 Pin=*-1
Added Pin To Net: NetName=Net*_1 Pin=P1-4
Added Pin To Net: NetName=Net*_1 Pin=R7-1
Added Net: Name=Net*_1
Added Pin To Net: NetName=Net*_3 Pin=*-3
Added Pin To Net: NetName=Net*_3 Pin=P1-3
Added Pin To Net: NetName=Net*_3 Pin=R8-1
Added Net: Name=Net*_3
Added Pin To Net: NetName=Net*_4 Pin=*-4
Added Pin To Net: NetName=Net*_4 Pin=P1-2
Added Pin To Net: NetName=Net*_4 Pin=R9-1
Added Net: Name=Net*_4
Added Pin To Net: NetName=Net*_6 Pin=*-6
Added Pin To Net: NetName=Net*_6 Pin=P1-1
Added Pin To Net: NetName=Net*_6 Pin=R10-1
Added Net: Name=Net*_6
Added Pin To Net: NetName=Net_18 Pin=C25-2
Added Pin To Net: NetName=Net_18 Pin=R10-2
Added Net: Name=Net_18
Added Pin To Net: NetName=Net_24 Pin=C10-1
Added Pin To Net: NetName=Net_24 Pin=C11-1
Added Net: Name=Net_24
Added Pin To Net: NetName=Net_26 Pin=C14-2
Added Net: Name=Net_26
Added Pin To Net: NetName=Net_28 Pin=C18-2
Added Net: Name=Net_28
Added Pin To Net: NetName=Net_30 Pin=C17-2
Added Net: Name=Net_30
Added Pin To Net: NetName=Net_34 Pin=MCU-15
Added Net: Name=Net_34
Added Pin To Net: NetName=Net_36 Pin=C13-1
Added Net: Name=Net_36
Added Pin To Net: NetName=Net_39 Pin=MCU-14
Added Net: Name=Net_39
Added Pin To Net: NetName=Net_40 Pin=MCU-17
Added Net: Name=Net_40
Added Pin To Net: NetName=Net_43 Pin=MCU-16
Added Net: Name=Net_43
Added Pin To Net: NetName=Net_47 Pin=MCU-26
Added Net: Name=Net_47
Added Pin To Net: NetName=Net_55 Pin=C15-2
Added Pin To Net: NetName=Net_55 Pin=C16-2
Added Net: Name=Net_55
Added Pin To Net: NetName=Net_62 Pin=C19-1
Added Pin To Net: NetName=Net_62 Pin=R6-1
Added Net: Name=Net_62
Added Pin To Net: NetName=NetC3_2 Pin=C3-2
Added Pin To Net: NetName=NetC3_2 Pin=MCU-20
Added Net: Name=NetC3_2
Added Pin To Net: NetName=NetC6_1 Pin=C6-1
Added Pin To Net: NetName=NetC6_1 Pin=C7-1
Added Pin To Net: NetName=NetC6_1 Pin=C13-2
Added Pin To Net: NetName=NetC6_1 Pin=MCU-29
Added Pin To Net: NetName=NetC6_1 Pin=R4-1
Added Pin To Net: NetName=NetC6_1 Pin=S?-1
Added Net: Name=NetC6_1
Added Pin To Net: NetName=NetC6_2 Pin=C6-2
Added Pin To Net: NetName=NetC6_2 Pin=P2-6
Added Net: Name=NetC6_2
Added Pin To Net: NetName=NetC7_2 Pin=C7-2
Added Pin To Net: NetName=NetC7_2 Pin=P1-6
Added Net: Name=NetC7_2
Added Pin To Net: NetName=NetC19_2 Pin=C19-2
Added Pin To Net: NetName=NetC19_2 Pin=C22-2
Added Pin To Net: NetName=NetC19_2 Pin=R6-2
Added Pin To Net: NetName=NetC19_2 Pin=R7-2
Added Net: Name=NetC19_2
Added Pin To Net: NetName=NetC20_2 Pin=JST_PH_confirm_polarity-1
Added Pin To Net: NetName=NetC20_2 Pin=LDO Regulator_confirm_functionality-1
Added Pin To Net: NetName=NetC20_2 Pin=LDO Regulator_confirm_functionality-3
Added Net: Name=NetC20_2
Added Pin To Net: NetName=NetD?_1 Pin=D?-1
Added Pin To Net: NetName=NetD?_1 Pin=MCU-23
Added Net: Name=NetD?_1
Added Pin To Net: NetName=NetD?_2 Pin=D?-2
Added Pin To Net: NetName=NetD?_2 Pin=R1-2
Added Net: Name=NetD?_2
Added Pin To Net: NetName=NetMCU_30 Pin=MCU-30
Added Pin To Net: NetName=NetMCU_30 Pin=R5-2
Added Net: Name=NetMCU_30
Added Pin To Net: NetName=NetMCU_31 Pin=MCU-31
Added Pin To Net: NetName=NetMCU_31 Pin=P1-5
Added Pin To Net: NetName=NetMCU_31 Pin=P2-5
Added Net: Name=NetMCU_31
Added Pin To Net: NetName=NetP1_4 Pin=P1-4
Added Pin To Net: NetName=NetP1_4 Pin=P2-4
Added Pin To Net: NetName=NetP1_4 Pin=R5-1
Added Net: Name=NetP1_4
Added Class: Name=ADS1299
Added Class: Name=Analogue_frontend
Added Class: Name=atmel328p_eeg
Added Class: Name=LP590_LDO_Regulator
